<?xml version="1.0" encoding="UTF-8"?>
<!-- Generated by org.testng.reporters.JUnitReportReporter -->
<testsuite skipped="0" hostname="vengatesh" name="com.freecrm.testcases.LoginToCRM" tests="1" failures="0" timestamp="09 Feb 2019 09:07:30 GMT" time="9.214" errors="0">
  <testcase name="LoginApp" time="9.214" classname="com.freecrm.testcases.LoginToCRM"/>
</testsuite> <!-- com.freecrm.testcases.LoginToCRM -->
